# JRE version: OpenJDK Runtime Environment Temurin-21.0.10+7 (21.0.10+7) (build 21.0.10+7-LTS)
# Java VM: OpenJDK 64-Bit Server VM Temurin-21.0.10+7 (21.0.10+7-LTS, mixed mode, sharing, tiered, compressed oops, compressed class ptrs, parallel gc, windows-amd64)
GC Precious Log:
 CardTable entry size: 512
 CPUs: 16 total, 16 available
 Memory: 16052M
 Large Page Support: Disabled
 NUMA Support: Disabled
 Compressed Oops: Enabled (32-bit)
 Alignments: Space 512K, Generation 512K, Heap 2M
 Heap Min Capacity: 100M
 Heap Initial Capacity: 100M
 Heap Max Capacity: 2G
 Pre-touch: Disabled
 Parallel Workers: 13
Heap:
 PSYoungGen      total 22016K, used 16863K [0x00000000d5580000, 0x00000000d6e00000, 0x0000000100000000)
  eden space 20480K, 76% used [0x00000000d5580000,0x00000000d64dfcf8,0x00000000d6980000)
  from space 1536K, 72% used [0x00000000d6c80000,0x00000000d6d98000,0x00000000d6e00000)
  to   space 2048K, 0% used [0x00000000d6a00000,0x00000000d6a00000,0x00000000d6c00000)
 ParOldGen       total 68608K, used 38136K [0x0000000080000000, 0x0000000084300000, 0x00000000d5580000)
  object space 68608K, 55% used [0x0000000080000000,0x000000008253e000,0x0000000084300000)
 Metaspace       used 43334K, committed 44480K, reserved 1114112K
  class space    used 4304K, committed 4800K, reserved 1048576K
GC Heap History (20 events):
Event: 6.104 GC heap before
{Heap before GC invocations=19 (full 2):
 PSYoungGen      total 23040K, used 1201K [0x00000000d5580000, 0x00000000d6e80000, 0x0000000100000000)
  eden space 21504K, 0% used [0x00000000d5580000,0x00000000d5580000,0x00000000d6a80000)
  from space 1536K, 78% used [0x00000000d6b80000,0x00000000d6cac5f8,0x00000000d6d00000)
  to   space 1536K, 0% used [0x00000000d6d00000,0x00000000d6d00000,0x00000000d6e80000)
 ParOldGen       total 68608K, used 32059K [0x0000000080000000, 0x0000000084300000, 0x00000000d5580000)
  object space 68608K, 46% used [0x0000000080000000,0x0000000081f4ed70,0x0000000084300000)
 Metaspace       used 34849K, committed 35840K, reserved 1114112K
  class space    used 3554K, committed 3968K, reserved 1048576K
}
Event: 6.147 GC heap after
{Heap after GC invocations=19 (full 2):
 PSYoungGen      total 23040K, used 0K [0x00000000d5580000, 0x00000000d6e80000, 0x0000000100000000)
  eden space 21504K, 0% used [0x00000000d5580000,0x00000000d5580000,0x00000000d6a80000)
  from space 1536K, 0% used [0x00000000d6b80000,0x00000000d6b80000,0x00000000d6d00000)
  to   space 1536K, 0% used [0x00000000d6d00000,0x00000000d6d00000,0x00000000d6e80000)
 ParOldGen       total 68608K, used 31229K [0x0000000080000000, 0x0000000084300000, 0x00000000d5580000)
  object space 68608K, 45% used [0x0000000080000000,0x0000000081e7f410,0x0000000084300000)
 Metaspace       used 34680K, committed 35840K, reserved 1114112K
  class space    used 3505K, committed 3968K, reserved 1048576K
}
Event: 6.386 GC heap before
{Heap before GC invocations=20 (full 2):
 PSYoungGen      total 23040K, used 21504K [0x00000000d5580000, 0x00000000d6e80000, 0x0000000100000000)
  eden space 21504K, 100% used [0x00000000d5580000,0x00000000d6a80000,0x00000000d6a80000)
  from space 1536K, 0% used [0x00000000d6b80000,0x00000000d6b80000,0x00000000d6d00000)
  to   space 1536K, 0% used [0x00000000d6d00000,0x00000000d6d00000,0x00000000d6e80000)
 ParOldGen       total 68608K, used 31229K [0x0000000080000000, 0x0000000084300000, 0x00000000d5580000)
  object space 68608K, 45% used [0x0000000080000000,0x0000000081e7f410,0x0000000084300000)
 Metaspace       used 35347K, committed 36352K, reserved 1114112K
  class space    used 3558K, committed 3968K, reserved 1048576K
}
Event: 6.388 GC heap after
{Heap after GC invocations=20 (full 2):
 PSYoungGen      total 23040K, used 1535K [0x00000000d5580000, 0x00000000d6e80000, 0x0000000100000000)
  eden space 21504K, 0% used [0x00000000d5580000,0x00000000d5580000,0x00000000d6a80000)
  from space 1536K, 99% used [0x00000000d6d00000,0x00000000d6e7fd08,0x00000000d6e80000)
  to   space 2048K, 0% used [0x00000000d6a80000,0x00000000d6a80000,0x00000000d6c80000)
 ParOldGen       total 68608K, used 31237K [0x0000000080000000, 0x0000000084300000, 0x00000000d5580000)
  object space 68608K, 45% used [0x0000000080000000,0x0000000081e81410,0x0000000084300000)
 Metaspace       used 35347K, committed 36352K, reserved 1114112K
  class space    used 3558K, committed 3968K, reserved 1048576K
}
Event: 6.530 GC heap before
{Heap before GC invocations=21 (full 2):
 PSYoungGen      total 23040K, used 23039K [0x00000000d5580000, 0x00000000d6e80000, 0x0000000100000000)
  eden space 21504K, 100% used [0x00000000d5580000,0x00000000d6a80000,0x00000000d6a80000)
  from space 1536K, 99% used [0x00000000d6d00000,0x00000000d6e7fd08,0x00000000d6e80000)
  to   space 2048K, 0% used [0x00000000d6a80000,0x00000000d6a80000,0x00000000d6c80000)
 ParOldGen       total 68608K, used 31237K [0x0000000080000000, 0x0000000084300000, 0x00000000d5580000)
  object space 68608K, 45% used [0x0000000080000000,0x0000000081e81410,0x0000000084300000)
 Metaspace       used 35947K, committed 36928K, reserved 1114112K
  class space    used 3618K, committed 4032K, reserved 1048576K
}
Event: 6.531 GC heap after
{Heap after GC invocations=21 (full 2):
 PSYoungGen      total 23552K, used 352K [0x00000000d5580000, 0x00000000d6d80000, 0x0000000100000000)
  eden space 21504K, 0% used [0x00000000d5580000,0x00000000d5580000,0x00000000d6a80000)
  from space 2048K, 17% used [0x00000000d6a80000,0x00000000d6ad8000,0x00000000d6c80000)
  to   space 1024K, 0% used [0x00000000d6c80000,0x00000000d6c80000,0x00000000d6d80000)
 ParOldGen       total 68608K, used 31365K [0x0000000080000000, 0x0000000084300000, 0x00000000d5580000)
  object space 68608K, 45% used [0x0000000080000000,0x0000000081ea1410,0x0000000084300000)
 Metaspace       used 35947K, committed 36928K, reserved 1114112K
  class space    used 3618K, committed 4032K, reserved 1048576K
}
Event: 7.099 GC heap before
{Heap before GC invocations=22 (full 2):
 PSYoungGen      total 23552K, used 21794K [0x00000000d5580000, 0x00000000d6d80000, 0x0000000100000000)
  eden space 21504K, 99% used [0x00000000d5580000,0x00000000d6a70860,0x00000000d6a80000)
  from space 2048K, 17% used [0x00000000d6a80000,0x00000000d6ad8000,0x00000000d6c80000)
  to   space 1024K, 0% used [0x00000000d6c80000,0x00000000d6c80000,0x00000000d6d80000)
 ParOldGen       total 68608K, used 31365K [0x0000000080000000, 0x0000000084300000, 0x00000000d5580000)
  object space 68608K, 45% used [0x0000000080000000,0x0000000081ea1410,0x0000000084300000)
 Metaspace       used 37298K, committed 38272K, reserved 1114112K
  class space    used 3784K, committed 4224K, reserved 1048576K
}
Event: 7.100 GC heap after
{Heap after GC invocations=22 (full 2):
 PSYoungGen      total 22528K, used 640K [0x00000000d5580000, 0x00000000d6d80000, 0x0000000100000000)
  eden space 21504K, 0% used [0x00000000d5580000,0x00000000d5580000,0x00000000d6a80000)
  from space 1024K, 62% used [0x00000000d6c80000,0x00000000d6d20000,0x00000000d6d80000)
  to   space 1024K, 0% used [0x00000000d6b80000,0x00000000d6b80000,0x00000000d6c80000)
 ParOldGen       total 68608K, used 31437K [0x0000000080000000, 0x0000000084300000, 0x00000000d5580000)
  object space 68608K, 45% used [0x0000000080000000,0x0000000081eb3410,0x0000000084300000)
 Metaspace       used 37298K, committed 38272K, reserved 1114112K
  class space    used 3784K, committed 4224K, reserved 1048576K
}
Event: 7.485 GC heap before
{Heap before GC invocations=23 (full 2):
 PSYoungGen      total 22528K, used 22144K [0x00000000d5580000, 0x00000000d6d80000, 0x0000000100000000)
  eden space 21504K, 100% used [0x00000000d5580000,0x00000000d6a80000,0x00000000d6a80000)
  from space 1024K, 62% used [0x00000000d6c80000,0x00000000d6d20000,0x00000000d6d80000)
  to   space 1024K, 0% used [0x00000000d6b80000,0x00000000d6b80000,0x00000000d6c80000)
 ParOldGen       total 68608K, used 31437K [0x0000000080000000, 0x0000000084300000, 0x00000000d5580000)
  object space 68608K, 45% used [0x0000000080000000,0x0000000081eb3410,0x0000000084300000)
 Metaspace       used 38613K, committed 39616K, reserved 1114112K
  class space    used 3907K, committed 4352K, reserved 1048576K
}
Event: 7.486 GC heap after
{Heap after GC invocations=23 (full 2):
 PSYoungGen      total 22528K, used 928K [0x00000000d5580000, 0x00000000d6d00000, 0x0000000100000000)
  eden space 21504K, 0% used [0x00000000d5580000,0x00000000d5580000,0x00000000d6a80000)
  from space 1024K, 90% used [0x00000000d6b80000,0x00000000d6c68000,0x00000000d6c80000)
  to   space 512K, 0% used [0x00000000d6c80000,0x00000000d6c80000,0x00000000d6d00000)
 ParOldGen       total 68608K, used 31757K [0x0000000080000000, 0x0000000084300000, 0x00000000d5580000)
  object space 68608K, 46% used [0x0000000080000000,0x0000000081f03410,0x0000000084300000)
 Metaspace       used 38613K, committed 39616K, reserved 1114112K
  class space    used 3907K, committed 4352K, reserved 1048576K
}
Event: 7.804 GC heap before
{Heap before GC invocations=24 (full 2):
 PSYoungGen      total 22528K, used 22432K [0x00000000d5580000, 0x00000000d6d00000, 0x0000000100000000)
  eden space 21504K, 100% used [0x00000000d5580000,0x00000000d6a80000,0x00000000d6a80000)
  from space 1024K, 90% used [0x00000000d6b80000,0x00000000d6c68000,0x00000000d6c80000)
  to   space 512K, 0% used [0x00000000d6c80000,0x00000000d6c80000,0x00000000d6d00000)
 ParOldGen       total 68608K, used 31757K [0x0000000080000000, 0x0000000084300000, 0x00000000d5580000)
  object space 68608K, 46% used [0x0000000080000000,0x0000000081f03410,0x0000000084300000)
 Metaspace       used 39712K, committed 40768K, reserved 1114112K
  class space    used 4031K, committed 4480K, reserved 1048576K
}
Event: 7.806 GC heap after
{Heap after GC invocations=24 (full 2):
 PSYoungGen      total 20992K, used 512K [0x00000000d5580000, 0x00000000d7080000, 0x0000000100000000)
  eden space 20480K, 0% used [0x00000000d5580000,0x00000000d5580000,0x00000000d6980000)
  from space 512K, 100% used [0x00000000d6c80000,0x00000000d6d00000,0x00000000d6d00000)
  to   space 3072K, 0% used [0x00000000d6980000,0x00000000d6980000,0x00000000d6c80000)
 ParOldGen       total 68608K, used 33589K [0x0000000080000000, 0x0000000084300000, 0x00000000d5580000)
  object space 68608K, 48% used [0x0000000080000000,0x00000000820cd4a0,0x0000000084300000)
 Metaspace       used 39712K, committed 40768K, reserved 1114112K
  class space    used 4031K, committed 4480K, reserved 1048576K
}
Event: 8.434 GC heap before
{Heap before GC invocations=25 (full 2):
 PSYoungGen      total 20992K, used 20992K [0x00000000d5580000, 0x00000000d7080000, 0x0000000100000000)
  eden space 20480K, 100% used [0x00000000d5580000,0x00000000d6980000,0x00000000d6980000)
  from space 512K, 100% used [0x00000000d6c80000,0x00000000d6d00000,0x00000000d6d00000)
  to   space 3072K, 0% used [0x00000000d6980000,0x00000000d6980000,0x00000000d6c80000)
 ParOldGen       total 68608K, used 33589K [0x0000000080000000, 0x0000000084300000, 0x00000000d5580000)
  object space 68608K, 48% used [0x0000000080000000,0x00000000820cd4a0,0x0000000084300000)
 Metaspace       used 40163K, committed 41216K, reserved 1114112K
  class space    used 4063K, committed 4544K, reserved 1048576K
}
Event: 8.436 GC heap after
{Heap after GC invocations=25 (full 2):
 PSYoungGen      total 22528K, used 1760K [0x00000000d5580000, 0x00000000d6d80000, 0x0000000100000000)
  eden space 20480K, 0% used [0x00000000d5580000,0x00000000d5580000,0x00000000d6980000)
  from space 2048K, 85% used [0x00000000d6980000,0x00000000d6b38040,0x00000000d6b80000)
  to   space 2048K, 0% used [0x00000000d6b80000,0x00000000d6b80000,0x00000000d6d80000)
 ParOldGen       total 68608K, used 34077K [0x0000000080000000, 0x0000000084300000, 0x00000000d5580000)
  object space 68608K, 49% used [0x0000000080000000,0x00000000821474a0,0x0000000084300000)
 Metaspace       used 40163K, committed 41216K, reserved 1114112K
  class space    used 4063K, committed 4544K, reserved 1048576K
}
Event: 9.894 GC heap before
{Heap before GC invocations=26 (full 2):
 PSYoungGen      total 22528K, used 22224K [0x00000000d5580000, 0x00000000d6d80000, 0x0000000100000000)
  eden space 20480K, 99% used [0x00000000d5580000,0x00000000d697c0e0,0x00000000d6980000)
  from space 2048K, 85% used [0x00000000d6980000,0x00000000d6b38040,0x00000000d6b80000)
  to   space 2048K, 0% used [0x00000000d6b80000,0x00000000d6b80000,0x00000000d6d80000)
 ParOldGen       total 68608K, used 34077K [0x0000000080000000, 0x0000000084300000, 0x00000000d5580000)
  object space 68608K, 49% used [0x0000000080000000,0x00000000821474a0,0x0000000084300000)
 Metaspace       used 41463K, committed 42560K, reserved 1114112K
  class space    used 4187K, committed 4672K, reserved 1048576K
}
Event: 9.897 GC heap after
{Heap after GC invocations=26 (full 2):
 PSYoungGen      total 22016K, used 1204K [0x00000000d5580000, 0x00000000d6d00000, 0x0000000100000000)
  eden space 20480K, 0% used [0x00000000d5580000,0x00000000d5580000,0x00000000d6980000)
  from space 1536K, 78% used [0x00000000d6b80000,0x00000000d6cad118,0x00000000d6d00000)
  to   space 1536K, 0% used [0x00000000d6a00000,0x00000000d6a00000,0x00000000d6b80000)
 ParOldGen       total 68608K, used 35573K [0x0000000080000000, 0x0000000084300000, 0x00000000d5580000)
  object space 68608K, 51% used [0x0000000080000000,0x00000000822bd4f0,0x0000000084300000)
 Metaspace       used 41463K, committed 42560K, reserved 1114112K
  class space    used 4187K, committed 4672K, reserved 1048576K
}
Event: 10.377 GC heap before
{Heap before GC invocations=27 (full 2):
 PSYoungGen      total 22016K, used 21684K [0x00000000d5580000, 0x00000000d6d00000, 0x0000000100000000)
  eden space 20480K, 100% used [0x00000000d5580000,0x00000000d6980000,0x00000000d6980000)
  from space 1536K, 78% used [0x00000000d6b80000,0x00000000d6cad118,0x00000000d6d00000)
  to   space 1536K, 0% used [0x00000000d6a00000,0x00000000d6a00000,0x00000000d6b80000)
 ParOldGen       total 68608K, used 35573K [0x0000000080000000, 0x0000000084300000, 0x00000000d5580000)
  object space 68608K, 51% used [0x0000000080000000,0x00000000822bd4f0,0x0000000084300000)
 Metaspace       used 42927K, committed 44096K, reserved 1114112K
  class space    used 4300K, committed 4800K, reserved 1048576K
}
Event: 10.379 GC heap after
{Heap after GC invocations=27 (full 2):
 PSYoungGen      total 22016K, used 1511K [0x00000000d5580000, 0x00000000d6f80000, 0x0000000100000000)
  eden space 20480K, 0% used [0x00000000d5580000,0x00000000d5580000,0x00000000d6980000)
  from space 1536K, 98% used [0x00000000d6a00000,0x00000000d6b79ec0,0x00000000d6b80000)
  to   space 3072K, 0% used [0x00000000d6c80000,0x00000000d6c80000,0x00000000d6f80000)
 ParOldGen       total 68608K, used 36677K [0x0000000080000000, 0x0000000084300000, 0x00000000d5580000)
  object space 68608K, 53% used [0x0000000080000000,0x00000000823d1430,0x0000000084300000)
 Metaspace       used 42927K, committed 44096K, reserved 1114112K
  class space    used 4300K, committed 4800K, reserved 1048576K
}
Event: 10.709 GC heap before
{Heap before GC invocations=28 (full 2):
 PSYoungGen      total 22016K, used 21991K [0x00000000d5580000, 0x00000000d6f80000, 0x0000000100000000)
  eden space 20480K, 100% used [0x00000000d5580000,0x00000000d6980000,0x00000000d6980000)
  from space 1536K, 98% used [0x00000000d6a00000,0x00000000d6b79ec0,0x00000000d6b80000)
  to   space 3072K, 0% used [0x00000000d6c80000,0x00000000d6c80000,0x00000000d6f80000)
 ParOldGen       total 68608K, used 36677K [0x0000000080000000, 0x0000000084300000, 0x00000000d5580000)
  object space 68608K, 53% used [0x0000000080000000,0x00000000823d1430,0x0000000084300000)
 Metaspace       used 43193K, committed 44352K, reserved 1114112K
  class space    used 4304K, committed 4800K, reserved 1048576K
}
Event: 10.711 GC heap after
{Heap after GC invocations=28 (full 2):
 PSYoungGen      total 22016K, used 1120K [0x00000000d5580000, 0x00000000d6e00000, 0x0000000100000000)
  eden space 20480K, 0% used [0x00000000d5580000,0x00000000d5580000,0x00000000d6980000)
  from space 1536K, 72% used [0x00000000d6c80000,0x00000000d6d98000,0x00000000d6e00000)
  to   space 2048K, 0% used [0x00000000d6a00000,0x00000000d6a00000,0x00000000d6c00000)
 ParOldGen       total 68608K, used 38136K [0x0000000080000000, 0x0000000084300000, 0x00000000d5580000)
  object space 68608K, 55% used [0x0000000080000000,0x000000008253e000,0x0000000084300000)
 Metaspace       used 43193K, committed 44352K, reserved 1114112K
  class space    used 4304K, committed 4800K, reserved 1048576K
}

