# JRE version: OpenJDK Runtime Environment Temurin-21.0.10+7 (21.0.10+7) (build 21.0.10+7-LTS)
# Java VM: OpenJDK 64-Bit Server VM Temurin-21.0.10+7 (21.0.10+7-LTS, mixed mode, sharing, tiered, compressed oops, compressed class ptrs, parallel gc, windows-amd64)
GC Precious Log:
 CardTable entry size: 512
 CPUs: 16 total, 16 available
 Memory: 16052M
 Large Page Support: Disabled
 NUMA Support: Disabled
 Compressed Oops: Enabled (32-bit)
 Alignments: Space 512K, Generation 512K, Heap 2M
 Heap Min Capacity: 100M
 Heap Initial Capacity: 100M
 Heap Max Capacity: 2G
 Pre-touch: Disabled
 Parallel Workers: 13
Heap:
 PSYoungGen      total 7168K, used 3089K [0x00000000d5580000, 0x00000000d5d80000, 0x0000000100000000)
  eden space 6144K, 36% used [0x00000000d5580000,0x00000000d57adda8,0x00000000d5b80000)
  from space 1024K, 83% used [0x00000000d5b80000,0x00000000d5c56920,0x00000000d5c80000)
  to   space 1024K, 0% used [0x00000000d5c80000,0x00000000d5c80000,0x00000000d5d80000)
 ParOldGen       total 1126912K, used 1126771K [0x0000000080000000, 0x00000000c4c80000, 0x00000000d5580000)
  object space 1126912K, 99% used [0x0000000080000000,0x00000000c4c5cc00,0x00000000c4c80000)
 Metaspace       used 96498K, committed 98432K, reserved 1179648K
  class space    used 9958K, committed 10816K, reserved 1048576K
GC Heap History (20 events):
Event: 36886.215 GC heap before
{Heap before GC invocations=3259 (full 5):
 PSYoungGen      total 8704K, used 8410K [0x00000000d5580000, 0x00000000d5f80000, 0x0000000100000000)
  eden space 7168K, 100% used [0x00000000d5580000,0x00000000d5c80000,0x00000000d5c80000)
  from space 1536K, 80% used [0x00000000d5c80000,0x00000000d5db6920,0x00000000d5e00000)
  to   space 1536K, 0% used [0x00000000d5e00000,0x00000000d5e00000,0x00000000d5f80000)
 ParOldGen       total 1119744K, used 1119342K [0x0000000080000000, 0x00000000c4580000, 0x00000000d5580000)
  object space 1119744K, 99% used [0x0000000080000000,0x00000000c451ba10,0x00000000c4580000)
 Metaspace       used 96489K, committed 98432K, reserved 1179648K
  class space    used 9958K, committed 10816K, reserved 1048576K
}
Event: 36886.218 GC heap after
{Heap after GC invocations=3259 (full 5):
 PSYoungGen      total 8704K, used 1024K [0x00000000d5580000, 0x00000000d5f80000, 0x0000000100000000)
  eden space 7168K, 0% used [0x00000000d5580000,0x00000000d5580000,0x00000000d5c80000)
  from space 1536K, 66% used [0x00000000d5e00000,0x00000000d5f00000,0x00000000d5f80000)
  to   space 1536K, 0% used [0x00000000d5c80000,0x00000000d5c80000,0x00000000d5e00000)
 ParOldGen       total 1120768K, used 1120371K [0x0000000080000000, 0x00000000c4680000, 0x00000000d5580000)
  object space 1120768K, 99% used [0x0000000080000000,0x00000000c461cc60,0x00000000c4680000)
 Metaspace       used 96489K, committed 98432K, reserved 1179648K
  class space    used 9958K, committed 10816K, reserved 1048576K
}
Event: 36886.609 GC heap before
{Heap before GC invocations=3260 (full 5):
 PSYoungGen      total 8704K, used 8192K [0x00000000d5580000, 0x00000000d5f80000, 0x0000000100000000)
  eden space 7168K, 100% used [0x00000000d5580000,0x00000000d5c80000,0x00000000d5c80000)
  from space 1536K, 66% used [0x00000000d5e00000,0x00000000d5f00000,0x00000000d5f80000)
  to   space 1536K, 0% used [0x00000000d5c80000,0x00000000d5c80000,0x00000000d5e00000)
 ParOldGen       total 1120768K, used 1120371K [0x0000000080000000, 0x00000000c4680000, 0x00000000d5580000)
  object space 1120768K, 99% used [0x0000000080000000,0x00000000c461cc60,0x00000000c4680000)
 Metaspace       used 96491K, committed 98432K, reserved 1179648K
  class space    used 9958K, committed 10816K, reserved 1048576K
}
Event: 36886.612 GC heap after
{Heap after GC invocations=3260 (full 5):
 PSYoungGen      total 8192K, used 916K [0x00000000d5580000, 0x00000000d5e80000, 0x0000000100000000)
  eden space 7168K, 0% used [0x00000000d5580000,0x00000000d5580000,0x00000000d5c80000)
  from space 1024K, 89% used [0x00000000d5c80000,0x00000000d5d65200,0x00000000d5d80000)
  to   space 1024K, 0% used [0x00000000d5d80000,0x00000000d5d80000,0x00000000d5e80000)
 ParOldGen       total 1121792K, used 1121318K [0x0000000080000000, 0x00000000c4780000, 0x00000000d5580000)
  object space 1121792K, 99% used [0x0000000080000000,0x00000000c4709820,0x00000000c4780000)
 Metaspace       used 96491K, committed 98432K, reserved 1179648K
  class space    used 9958K, committed 10816K, reserved 1048576K
}
Event: 36886.621 GC heap before
{Heap before GC invocations=3261 (full 5):
 PSYoungGen      total 8192K, used 8084K [0x00000000d5580000, 0x00000000d5e80000, 0x0000000100000000)
  eden space 7168K, 100% used [0x00000000d5580000,0x00000000d5c80000,0x00000000d5c80000)
  from space 1024K, 89% used [0x00000000d5c80000,0x00000000d5d65200,0x00000000d5d80000)
  to   space 1024K, 0% used [0x00000000d5d80000,0x00000000d5d80000,0x00000000d5e80000)
 ParOldGen       total 1121792K, used 1121318K [0x0000000080000000, 0x00000000c4780000, 0x00000000d5580000)
  object space 1121792K, 99% used [0x0000000080000000,0x00000000c4709820,0x00000000c4780000)
 Metaspace       used 96491K, committed 98432K, reserved 1179648K
  class space    used 9958K, committed 10816K, reserved 1048576K
}
Event: 36886.623 GC heap after
{Heap after GC invocations=3261 (full 5):
 PSYoungGen      total 7168K, used 1012K [0x00000000d5580000, 0x00000000d6080000, 0x0000000100000000)
  eden space 6144K, 0% used [0x00000000d5580000,0x00000000d5580000,0x00000000d5b80000)
  from space 1024K, 98% used [0x00000000d5d80000,0x00000000d5e7d200,0x00000000d5e80000)
  to   space 2048K, 0% used [0x00000000d5b80000,0x00000000d5b80000,0x00000000d5d80000)
 ParOldGen       total 1122304K, used 1122131K [0x0000000080000000, 0x00000000c4800000, 0x00000000d5580000)
  object space 1122304K, 99% used [0x0000000080000000,0x00000000c47d4ee8,0x00000000c4800000)
 Metaspace       used 96491K, committed 98432K, reserved 1179648K
  class space    used 9958K, committed 10816K, reserved 1048576K
}
Event: 36887.660 GC heap before
{Heap before GC invocations=3262 (full 5):
 PSYoungGen      total 7168K, used 7156K [0x00000000d5580000, 0x00000000d6080000, 0x0000000100000000)
  eden space 6144K, 100% used [0x00000000d5580000,0x00000000d5b80000,0x00000000d5b80000)
  from space 1024K, 98% used [0x00000000d5d80000,0x00000000d5e7d200,0x00000000d5e80000)
  to   space 2048K, 0% used [0x00000000d5b80000,0x00000000d5b80000,0x00000000d5d80000)
 ParOldGen       total 1122304K, used 1122131K [0x0000000080000000, 0x00000000c4800000, 0x00000000d5580000)
  object space 1122304K, 99% used [0x0000000080000000,0x00000000c47d4ee8,0x00000000c4800000)
 Metaspace       used 96491K, committed 98432K, reserved 1179648K
  class space    used 9958K, committed 10816K, reserved 1048576K
}
Event: 36887.665 GC heap after
{Heap after GC invocations=3262 (full 5):
 PSYoungGen      total 7168K, used 794K [0x00000000d5580000, 0x00000000d5e80000, 0x0000000100000000)
  eden space 6144K, 0% used [0x00000000d5580000,0x00000000d5580000,0x00000000d5b80000)
  from space 1024K, 77% used [0x00000000d5b80000,0x00000000d5c46900,0x00000000d5c80000)
  to   space 1536K, 0% used [0x00000000d5d00000,0x00000000d5d00000,0x00000000d5e80000)
 ParOldGen       total 1123328K, used 1123082K [0x0000000080000000, 0x00000000c4900000, 0x00000000d5580000)
  object space 1123328K, 99% used [0x0000000080000000,0x00000000c48c28c8,0x00000000c4900000)
 Metaspace       used 96491K, committed 98432K, reserved 1179648K
  class space    used 9958K, committed 10816K, reserved 1048576K
}
Event: 36887.677 GC heap before
{Heap before GC invocations=3263 (full 5):
 PSYoungGen      total 7168K, used 6938K [0x00000000d5580000, 0x00000000d5e80000, 0x0000000100000000)
  eden space 6144K, 100% used [0x00000000d5580000,0x00000000d5b80000,0x00000000d5b80000)
  from space 1024K, 77% used [0x00000000d5b80000,0x00000000d5c46900,0x00000000d5c80000)
  to   space 1536K, 0% used [0x00000000d5d00000,0x00000000d5d00000,0x00000000d5e80000)
 ParOldGen       total 1123328K, used 1123082K [0x0000000080000000, 0x00000000c4900000, 0x00000000d5580000)
  object space 1123328K, 99% used [0x0000000080000000,0x00000000c48c28c8,0x00000000c4900000)
 Metaspace       used 96491K, committed 98432K, reserved 1179648K
  class space    used 9958K, committed 10816K, reserved 1048576K
}
Event: 36887.680 GC heap after
{Heap after GC invocations=3263 (full 5):
 PSYoungGen      total 7168K, used 896K [0x00000000d5580000, 0x00000000d5e00000, 0x0000000100000000)
  eden space 6144K, 0% used [0x00000000d5580000,0x00000000d5580000,0x00000000d5b80000)
  from space 1024K, 87% used [0x00000000d5d00000,0x00000000d5de0000,0x00000000d5e00000)
  to   space 1024K, 0% used [0x00000000d5b80000,0x00000000d5b80000,0x00000000d5c80000)
 ParOldGen       total 1123840K, used 1123718K [0x0000000080000000, 0x00000000c4980000, 0x00000000d5580000)
  object space 1123840K, 99% used [0x0000000080000000,0x00000000c4961b28,0x00000000c4980000)
 Metaspace       used 96491K, committed 98432K, reserved 1179648K
  class space    used 9958K, committed 10816K, reserved 1048576K
}
Event: 36887.692 GC heap before
{Heap before GC invocations=3264 (full 5):
 PSYoungGen      total 7168K, used 7040K [0x00000000d5580000, 0x00000000d5e00000, 0x0000000100000000)
  eden space 6144K, 100% used [0x00000000d5580000,0x00000000d5b80000,0x00000000d5b80000)
  from space 1024K, 87% used [0x00000000d5d00000,0x00000000d5de0000,0x00000000d5e00000)
  to   space 1024K, 0% used [0x00000000d5b80000,0x00000000d5b80000,0x00000000d5c80000)
 ParOldGen       total 1123840K, used 1123718K [0x0000000080000000, 0x00000000c4980000, 0x00000000d5580000)
  object space 1123840K, 99% used [0x0000000080000000,0x00000000c4961b28,0x00000000c4980000)
 Metaspace       used 96492K, committed 98432K, reserved 1179648K
  class space    used 9958K, committed 10816K, reserved 1048576K
}
Event: 36887.695 GC heap after
{Heap after GC invocations=3264 (full 5):
 PSYoungGen      total 7168K, used 1018K [0x00000000d5580000, 0x00000000d5e80000, 0x0000000100000000)
  eden space 6144K, 0% used [0x00000000d5580000,0x00000000d5580000,0x00000000d5b80000)
  from space 1024K, 99% used [0x00000000d5b80000,0x00000000d5c7e900,0x00000000d5c80000)
  to   space 1536K, 0% used [0x00000000d5d00000,0x00000000d5d00000,0x00000000d5e80000)
 ParOldGen       total 1124864K, used 1124531K [0x0000000080000000, 0x00000000c4a80000, 0x00000000d5580000)
  object space 1124864K, 99% used [0x0000000080000000,0x00000000c4a2cf28,0x00000000c4a80000)
 Metaspace       used 96492K, committed 98432K, reserved 1179648K
  class space    used 9958K, committed 10816K, reserved 1048576K
}
Event: 37060.360 GC heap before
{Heap before GC invocations=3265 (full 5):
 PSYoungGen      total 7168K, used 7162K [0x00000000d5580000, 0x00000000d5e80000, 0x0000000100000000)
  eden space 6144K, 99% used [0x00000000d5580000,0x00000000d5b7ffc8,0x00000000d5b80000)
  from space 1024K, 99% used [0x00000000d5b80000,0x00000000d5c7e900,0x00000000d5c80000)
  to   space 1536K, 0% used [0x00000000d5d00000,0x00000000d5d00000,0x00000000d5e80000)
 ParOldGen       total 1124864K, used 1124531K [0x0000000080000000, 0x00000000c4a80000, 0x00000000d5580000)
  object space 1124864K, 99% used [0x0000000080000000,0x00000000c4a2cf28,0x00000000c4a80000)
 Metaspace       used 96494K, committed 98432K, reserved 1179648K
  class space    used 9958K, committed 10816K, reserved 1048576K
}
Event: 37060.366 GC heap after
{Heap after GC invocations=3265 (full 5):
 PSYoungGen      total 7168K, used 544K [0x00000000d5580000, 0x00000000d5e00000, 0x0000000100000000)
  eden space 6144K, 0% used [0x00000000d5580000,0x00000000d5580000,0x00000000d5b80000)
  from space 1024K, 53% used [0x00000000d5d00000,0x00000000d5d88000,0x00000000d5e00000)
  to   space 1024K, 0% used [0x00000000d5b80000,0x00000000d5b80000,0x00000000d5c80000)
 ParOldGen       total 1125888K, used 1125413K [0x0000000080000000, 0x00000000c4b80000, 0x00000000d5580000)
  object space 1125888K, 99% used [0x0000000080000000,0x00000000c4b09508,0x00000000c4b80000)
 Metaspace       used 96494K, committed 98432K, reserved 1179648K
  class space    used 9958K, committed 10816K, reserved 1048576K
}
Event: 37134.512 GC heap before
{Heap before GC invocations=3266 (full 5):
 PSYoungGen      total 7168K, used 6687K [0x00000000d5580000, 0x00000000d5e00000, 0x0000000100000000)
  eden space 6144K, 99% used [0x00000000d5580000,0x00000000d5b7fff8,0x00000000d5b80000)
  from space 1024K, 53% used [0x00000000d5d00000,0x00000000d5d88000,0x00000000d5e00000)
  to   space 1024K, 0% used [0x00000000d5b80000,0x00000000d5b80000,0x00000000d5c80000)
 ParOldGen       total 1125888K, used 1125413K [0x0000000080000000, 0x00000000c4b80000, 0x00000000d5580000)
  object space 1125888K, 99% used [0x0000000080000000,0x00000000c4b09508,0x00000000c4b80000)
 Metaspace       used 96495K, committed 98432K, reserved 1179648K
  class space    used 9958K, committed 10816K, reserved 1048576K
}
Event: 37134.514 GC heap after
{Heap after GC invocations=3266 (full 5):
 PSYoungGen      total 7168K, used 602K [0x00000000d5580000, 0x00000000d5d80000, 0x0000000100000000)
  eden space 6144K, 0% used [0x00000000d5580000,0x00000000d5580000,0x00000000d5b80000)
  from space 1024K, 58% used [0x00000000d5b80000,0x00000000d5c16920,0x00000000d5c80000)
  to   space 1024K, 0% used [0x00000000d5c80000,0x00000000d5c80000,0x00000000d5d80000)
 ParOldGen       total 1125888K, used 1125682K [0x0000000080000000, 0x00000000c4b80000, 0x00000000d5580000)
  object space 1125888K, 99% used [0x0000000080000000,0x00000000c4b4c9b0,0x00000000c4b80000)
 Metaspace       used 96495K, committed 98432K, reserved 1179648K
  class space    used 9958K, committed 10816K, reserved 1048576K
}
Event: 37134.532 GC heap before
{Heap before GC invocations=3267 (full 5):
 PSYoungGen      total 7168K, used 6746K [0x00000000d5580000, 0x00000000d5d80000, 0x0000000100000000)
  eden space 6144K, 100% used [0x00000000d5580000,0x00000000d5b80000,0x00000000d5b80000)
  from space 1024K, 58% used [0x00000000d5b80000,0x00000000d5c16920,0x00000000d5c80000)
  to   space 1024K, 0% used [0x00000000d5c80000,0x00000000d5c80000,0x00000000d5d80000)
 ParOldGen       total 1125888K, used 1125682K [0x0000000080000000, 0x00000000c4b80000, 0x00000000d5580000)
  object space 1125888K, 99% used [0x0000000080000000,0x00000000c4b4c9b0,0x00000000c4b80000)
 Metaspace       used 96495K, committed 98432K, reserved 1179648K
  class space    used 9958K, committed 10816K, reserved 1048576K
}
Event: 37134.533 GC heap after
{Heap after GC invocations=3267 (full 5):
 PSYoungGen      total 7168K, used 672K [0x00000000d5580000, 0x00000000d5d80000, 0x0000000100000000)
  eden space 6144K, 0% used [0x00000000d5580000,0x00000000d5580000,0x00000000d5b80000)
  from space 1024K, 65% used [0x00000000d5c80000,0x00000000d5d28000,0x00000000d5d80000)
  to   space 1024K, 0% used [0x00000000d5b80000,0x00000000d5b80000,0x00000000d5c80000)
 ParOldGen       total 1126400K, used 1126166K [0x0000000080000000, 0x00000000c4c00000, 0x00000000d5580000)
  object space 1126400K, 99% used [0x0000000080000000,0x00000000c4bc5bd0,0x00000000c4c00000)
 Metaspace       used 96495K, committed 98432K, reserved 1179648K
  class space    used 9958K, committed 10816K, reserved 1048576K
}
Event: 37134.542 GC heap before
{Heap before GC invocations=3268 (full 5):
 PSYoungGen      total 7168K, used 6816K [0x00000000d5580000, 0x00000000d5d80000, 0x0000000100000000)
  eden space 6144K, 100% used [0x00000000d5580000,0x00000000d5b80000,0x00000000d5b80000)
  from space 1024K, 65% used [0x00000000d5c80000,0x00000000d5d28000,0x00000000d5d80000)
  to   space 1024K, 0% used [0x00000000d5b80000,0x00000000d5b80000,0x00000000d5c80000)
 ParOldGen       total 1126400K, used 1126166K [0x0000000080000000, 0x00000000c4c00000, 0x00000000d5580000)
  object space 1126400K, 99% used [0x0000000080000000,0x00000000c4bc5bd0,0x00000000c4c00000)
 Metaspace       used 96495K, committed 98432K, reserved 1179648K
  class space    used 9958K, committed 10816K, reserved 1048576K
}
Event: 37134.543 GC heap after
{Heap after GC invocations=3268 (full 5):
 PSYoungGen      total 7168K, used 858K [0x00000000d5580000, 0x00000000d5d80000, 0x0000000100000000)
  eden space 6144K, 0% used [0x00000000d5580000,0x00000000d5580000,0x00000000d5b80000)
  from space 1024K, 83% used [0x00000000d5b80000,0x00000000d5c56920,0x00000000d5c80000)
  to   space 1024K, 0% used [0x00000000d5c80000,0x00000000d5c80000,0x00000000d5d80000)
 ParOldGen       total 1126912K, used 1126771K [0x0000000080000000, 0x00000000c4c80000, 0x00000000d5580000)
  object space 1126912K, 99% used [0x0000000080000000,0x00000000c4c5cc00,0x00000000c4c80000)
 Metaspace       used 96495K, committed 98432K, reserved 1179648K
  class space    used 9958K, committed 10816K, reserved 1048576K
}

